[    0.000000] Initializing cgroup subsys cpuset
[    0.000000] Intializing cgroup subsys cp
[    0.00000] Initializing cgroup subsys cpuact
[    0.000000] Linux version 4.4.0-119-generic (buildd@lcy01-amd64-013) (gcc version 5.4.0 2060609 (Ubuntu 5.4.0-6ubuntu1~16.04.9) ) #143-Ubuntu SMP Mon Apr 2 16:08:24 UTC 2018 (Ubuntu 4.4.0-119.143-generic 4.4.114)
[    0.00000] Command line: BOOT_IMAGE=/bot/vmlinuz-4..0-119-generic root=LABEL=cloudim-rootfs ro console=tt1 console=ttyS0
[   .0000] KERNEL supported cpus:
[   0.000000]   Intel GnuineIte
[    0.00000]  AMD AuthenticAMD
[   0.00000]   Cntur CentarHuls
[   .000000]x8/fpu: xstteoffse2]:  576, xstate_sizes[2]:  256
[    0.000000] x86/fpu: Suporting XSAV feature 0x01: 'x87 floating point regiters'
[    0.00000] x/fpu: Spprtig XSAVE fature x0: 'SSEregisters'
[    0.000000] 86/fuu: Supporing XSAVE feature 0x04: 'AV resters'
[  0.00000] x86fpu: Enabled xsatefeatures 0x7, context size i 832 bytes, using 'stadard' fomat.
[    0.000000] x86/fpu: Usig 'lazy' FPU contxt switche.
    0.00000] e820: BIOS-provded pysial RAM map:
[    0000000] BOS-e820: [em 0x000000000000-0x00000000009fbff] usable[    0.000000] BIOS-e82: mem 00000000009c00-0x0000000009ffff] reerve
[    0.0000] BIOS-820: [mem 0x00000000f0000-0x00000000fffff] reseved[    .00000] BIO-e820: [em x0000000000100000-0x000000003ffeffff] usable
[    0.00000] BIOS-e820: [mem 0x000000003fff0000-0x000000003fffffff] ACPI data
[    0.00000] BOS-20: [mem 0x00000000fec00000-0x00000000fec00ff] reserved
[    0.000000] BIS-e820: [me 0x0000000fee00000-0x00000000fee00ff] resrved
[    0.000000] BIOS-e820: [mem 0x0000000fffc000-0x00000000fffffff] reserved
[    0000000] X (Execute Disable) protction: active
[    0.00000] SMBIOS 2.5 pesent.
[    0.000000] Hypervisor detected: KVM
[    0.00000] e820: last_pfn = 0x3fff0 max_arch_pfn = 0x400000000
[    0.000000 MTRR: Disabled
[    0.000000] x8/PAT MTRR disabled,skippng PAT nitializatiotoo.
[    0.000000] CPU MTRRs aall blank - virtualized system.
[    0.00000] 86/PAT: Cnfigration [0-7] WB  WT  UC- UC  WB  WT  U- UC  
[    0.000000] found SMP MP-abl at [mem 0x0009fff0-x0009ffff] mapped a [ffff800009fff0]
[    0.000000]Scnni 1 areas for low memry corrupton
[    0.000000] RAMDISK: [mem 0x3644000-0x37569f]
[    0.0000] ACPI: Early tle checksum verification disabled
[    0.000000 ACP: RSDP 0x00000000000000 000024 (v0 VBOX  )
[    0.000000] ACP: XDT 0x000000003FFF0030 00003C (v01 VBOX   VBOXXSDT 00000001 ASL  00000061)
[    0.000000] ACPIFAACP 0x00000003FF00F0 0000F4 (v04 VBX  VBOXFACP 00000001 ASL  00000061
[    0.000000] ACPI: DSDT 0x000000003FFF047 0021FF (v02 VOX  VBOXBIOS 00000002 INTL 2010058)
[    .000000] ACP: ACS 0x000000003F0200 0040
[    0.000000] ACPI: FACS 0x000000003FFF0200 000040
[    0.000000] ACPI: APIC 0x000000003FFF0240 00005C v02 VBOX   BOXAPIC 00000001 ASL  00000061)
[   .0000] ACPI: SSD 00000003FFF02A 0001C (v1 BOX   VBOXCPUT 00000002 INTL 20100528)
[    000000] No NUMA cnfgurion found
[   0.000000] akinga ode at [mem 0x000000000000000-0x000000003ffefff]]
[    0.000000] ODE_DATA(0) allocated [mem 0x3ffeb000-0x3ffefff]
[   0.000000]kvm-clock: Using msrs 4b564d01 and 4b56d0
[   0.000000] kvm-clock: cpu 0, mr 0:3ff3001, primary cpu clck
[    000000] kvm-clck using sched offset o 11487091cyles
[   000000] clocksource: vmclock mask: 0xffffffffffffffff max_cycles: 0x1cd42e4dffb, max_idle_ns:881590591483 ns
[    0.000000] Zne ranes:
[   0.0000]   MA     [mem 0x00000000001000-0x000000000ffffff]
[    0.000000]   DMA32    [mem 0x0000000001000000-0x000000003ffeff]
[   0.000000]   Normal   empty
[   0.0000]   Device   empty
[    0.000000] Movable zone start for each node
[    0.00000] Early memory node ranges
[    0.000000]   node   0: [mem 0x0000000000001000-0x00000000009efff]
[   .000000]   node   0: [mem 0x0000000000100000-0x000000003ffeffff]
[    0.000000] Initmem setup node 0 [mm 0x00000000000100-0x00000003ffeff]
[   00000] CPI: M-imer IO Po: 0x400
    0.000000] IOAPIC[0]: api_id , ersion 32, address 0xfec00000, GSI-23
[    0.000000ACPI: INT_RC_OVR (bus 0us_irq 0 global_irq 2 dl l)
[  000000] ACPI:IN_SRC_OVR (bs 0 bus_ir 9 gloal_irq 9 low level)
[    0.000000] Using ACPI (MAT)for SMP cofiration infrmtin
[   0.000000] smpboot Allowig  CPs, 0hoplug CPs
[    0.00000 PM: Registed osave memory: [mm 0000000-x0000fff]
[   0.00000] PM: Regstred nsaveemory: [mem x0009f00-0x009fff]
[    0.000000] PM:Registerd nosav memory: [mem 0x000a000-0x00effff
[    0.0000000] PM: Registered nosave memory: [mem 0x000f0000-0x000fffff]
[    0.000000] e820: [mem 0x40000000-0xfebfffff] available for PCI devices
[   0.000000] Booting paravirtualied kernel on KVM
    0.000000] clocsource: refined-jiffies: ask: 0xfffffff ma_cycles: 0xffffffff, ax_idle_ns: 764551960211568 ns
[    0.0000] setup_perpu: NR_CPUS:12 nr_cumask_bts:12 nr_cpu_ids:2 nrnode_ids:1
[    0.00000] PERCPU: Embedded 34 pages/cpu @ffff88003fc00000 s9954 r192 d31528 u104876
[    0.00000] PV qspinlockhah table entres 256 (order: , 409 btes)
[  00000] uil 1 zoneists in Noe order mobility groping on.  Ttal pages: 25712
[    0.000000] olicy zone: DMA32
    0.000000] Kernel command lne BOOT_MAG=/oot/vminuz-44.0119-generic root=LABEL=cloudimg-rootfs ro console=tty1 console=ttyS0
[   0.000000]PID hash tableentrie: 4096 ordr:3, 3278 bytes)
[    0.000000] Memry: 1001748K1048120K avilbl (853 kernel code 113 rwdaa,396K rodat, 50K int,136K bs, 4672resered, 0K cma-reserved)
[    0.000000] SLU HWaig=6, Order=0-3, MinObjects=0, CPUs=2, Nodes=1
[    0.0000]Kernel/User page tables isolation enabled
[    0.000000] Hierarchical RCU implementation.
[    0.000000] 	Build-timadjustmen of leaf fanout to 64.
[    0.000000] 	RCU restricting CPU fom NR_CPU=52 o nrcp_is=.
[   00000] CU Adjustin geometry for rc_fnot_leaf=64, nr_cpuds2
[   .000000] _IQS:334 r_irs:0 16
[    0.000000] Console: color VGA 8x2
[    .0000] console [tty1] enabled
[    0.000000] conle[tyS] abled
   000000] tsc: Detected 2600.000 MHz processor
[   20.244418] Calibrating delay loop (skipped) preset value.. 5200.00 BogoMIPS (lpj=10400000)
[   20.283732] pid_max: default: 32768 minimum: 301
[   20.339789] ACPI: Core revision 20150930
[   20.346857] ACPI: 2 ACPI AML tables successfully acquired and loaded
[   20.396366] Security Framework initialized
[   20.431908] Yama: becoming mindful.
[   20.479847] AppArmor: AppArmor initialized
[   20.549258] Dentry cache hash table entries: 131072 (order: 8, 1048576 bytes)
[   20.690120] Inode-cache hash table entries: 65536 (order: 7, 524288 bytes)
[   20.788958] Mount-cache hash table entries: 2048 (order: 2, 16384 bytes)
[   20.883865] Mountpoint-cache hash table entries: 2048 (order: 2, 16384 bytes)
[   20.999817] Initializing cgroup subsys io
[   21.059120] Initializing cgroup subsys memory
[   21.076769] Initializing cgroup subsys devices
[   21.136894] Initializing cgroup subsys freezer
[   21.208074] Initializing cgroup subsys net_cls
[   21.293769] Initializing cgroup subsys perf_event
[   21.373658] Initializing cgroup subsys net_prio
[   21.440188] Initializing cgroup subsys hugetlb
[   21.500277] Initializing cgroup subsys pids
[   21.571591] CPU: Physical Processor ID: 0
[   21.651397] CPU: Processor Core ID: 0
[   21.684704] FEATURE SPEC_CTRL Not Present
[   21.738195] mce: CPU supports 0 MCE banks
[   21.795756] Last level iTLB entries: 4KB 1024, 2MB 1024, 4MB 1024
[   21.836024] Last level dTLB entries: 4KB 1024, 2MB 1024, 4MB 1024, 1GB 4
[   21.924213] Spectre V2 mitigation: Mitigation: Full generic retpoline
[   21.985958] Spectre V2 mitigation: Speculation control IBPB not-supported IBRS not-supported
[   22.056112] Freeing SMP alternatives memory: 32K
[   22.113878] ftrace: allocating 32195 entries in 126 pages
[   22.233938] smpboot: APIC(0) Converting physical 0 to logical package 0
[   22.245592] smpboot: Max logical packages: 1
[   22.272043] x2apic enabled
[   22.292123] Switched APIC routing to physical x2apic.
[   22.341150] ..TIMER: vector=0x30 apic1=0 pin1=2 apic2=-1 pin2=-1
[   22.491092] smpboot: CPU0: Intel(R) Core(TM) i5-4278U CPU @ 2.60GHz (family: 0x6, model: 0x45, stepping: 0x1)
[   22.532436] Performance Events: unsupported p6 CPU model 69 no PMU driver, software events only.
[   22.567798] KVM setup paravirtual spinlock
[   22.595558] x86: Booting SMP configuration:
[   22.602934] .... node  #0, CPUs:      #1
[   22.612380] kvm-clock: cpu 1, msr 0:3ffe3041, secondary cpu clock
[   22.620540] mce: CPU supports 0 MCE banks
[   22.648840] x86: Booted up 1 node, 2 CPUs
[   22.654327] smpboot: Total of 2 processors activated (10400.00 BogoMIPS)
[   22.670618] devtmpfs: initialized
[   22.677686] evm: security.selinux
[   22.684365] evm: security.SMACK64
[   22.697172] evm: security.SMACK64EXEC
[   22.714048] evm: security.SMACK64TRANSMUTE
[   22.728283] evm: security.SMACK64MMAP
[   22.732769] evm: security.ima
[   22.738053] evm: security.capability
[   22.759358] clocksource: jiffies: mask: 0xffffffff max_cycles: 0xffffffff, max_idle_ns: 7645041785100000 ns
[   22.771649] futex hash table entries: 512 (order: 3, 32768 bytes)
[   22.776532] pinctrl core: initialized pinctrl subsystem
[   22.778433] RTC time:  5:13:41, date: 04/26/18
[   22.782909] NET: Registered protocol family 16
[   22.816270] cpuidle: using governor ladder
[   22.839875] cpuidle: using governor menu
[   22.864050] PCCT header not found.
[   22.870153] ACPI: bus type PCI registered
[   22.871568] acpiphp: ACPI Hot Plug PCI Controller Driver version: 0.5
[   22.881427] PCI: Using configuration type 1 for base access
[   22.896551] ACPI: Added _OSI(Module Device)
[   22.910832] ACPI: Added _OSI(Processor Device)
[   22.924185] ACPI: Added _OSI(3.0 _SCP Extensions)
[   22.929120] ACPI: Added _OSI(Processor Aggregator Device)
[   22.932932] ACPI: Executed 1 blocks of module-level executable AML code
[   22.937970] ACPI: Interpreter enabled
[   22.948542] ACPI: (supports S0 S5)
[   22.955617] ACPI: Using IOAPIC for interrupt routing
[   22.967962] PCI: Using host bridge windows from ACPI; if necessary, use "pci=nocrs" and report a bug
[   22.984927] ACPI: PCI Root Bridge [PCI0] (domain 0000 [bus 00-ff])
[   22.999527] acpi PNP0A03:00: _OSC: OS supports [ASPM ClockPM Segments MSI]
[   23.009376] acpi PNP0A03:00: _OSC: not requesting OS control; OS requires [ExtendedConfig ASPM ClockPM MSI]
[   23.016234] acpi PNP0A03:00: fail to add MMCONFIG information, can't access extended PCI configuration space under this bridge.
[   23.043493] PCI host bridge to bus 0000:00
[   23.048452] pci_bus 0000:00: root bus resource [io  0x0000-0x0cf7 window]
[   23.069004] pci_bus 0000:00: root bus resource [io  0x0d00-0xffff window]
[   23.085628] pci_bus 0000:00: root bus resource [mem 0x000a0000-0x000bffff window]
[   23.094527] pci_bus 0000:00: root bus resource [mem 0x40000000-0xfdffffff window]
[   23.113277] pci_bus 0000:00: root bus resource [bus 00-ff]
[   23.136096] pci 0000:00:01.1: legacy IDE quirk: reg 0x10: [io  0x01f0-0x01f7]
[   23.146191] pci 0000:00:01.1: legacy IDE quirk: reg 0x14: [io  0x03f6]
[   23.154336] pci 0000:00:01.1: legacy IDE quirk: reg 0x18: [io  0x0170-0x0177]
[   23.179483] pci 0000:00:01.1: legacy IDE quirk: reg 0x1c: [io  0x0376]
[   23.207874] pci 0000:00:07.0: quirk: [io  0x4000-0x403f] claimed by PIIX4 ACPI
[   23.229755] pci 0000:00:07.0: quirk: [io  0x4100-0x410f] claimed by PIIX4 SMB
[   23.249075] ACPI: PCI Interrupt Link [LNKA] (IRQs 5 9 10 *11)
[   23.273058] ACPI: PCI Interrupt Link [LNKB] (IRQs 5 9 *10 11)
[   23.279110] ACPI: PCI Interrupt Link [LNKC] (IRQs 5 *9 10 11)
[   23.292841] ACPI: PCI Interrupt Link [LNKD] (IRQs 5 9 10 *11)
[   23.332296] ACPI: Enabled 2 GPEs in block 00 to 07
[   23.346536] vgaarb: setting as boot device: PCI:0000:00:02.0
[   23.348667] vgaarb: device added: PCI:0000:00:02.0,decodes=io+mem,owns=io+mem,locks=none
[   23.379230] vgaarb: loaded
[   23.382996] vgaarb: bridge control possible 0000:00:02.0
[   23.399893] SCSI subsystem initialized
[   23.424143] ACPI: bus type USB registered
[   23.439401] usbcore: registered new interface driver usbfs
[   23.451774] usbcore: registered new interface driver hub
[   23.476320] usbcore: registered new device driver usb
[   23.482902] PCI: Using ACPI for IRQ routing
[   23.490049] NetLabel: Initializing
[   23.495401] NetLabel:  domain hash size = 128
[   23.505949] NetLabel:  protocols = UNLABELED CIPSOv4
[   23.512353] NetLabel:  unlabeled traffic allowed by default
[   23.516202] amd_nb: Cannot enumerate AMD northbridges
[   23.521228] clocksource: Switched to clocksource kvm-clock
[   23.542217] AppArmor: AppArmor Filesystem Enle
[  23.655516] pnp: PnP ACPI init
[  2.7856] pnp: PnP API: found 3 devices

[  23.920228] clocksource: acpi_m: msk: 0xffffff mx_cycles: 0xffffff, max_idl_ns: 2087002 ns
[ 2417645] NET: Registered protocol family 2

[   24.555414] TCP established hash table entries: 8192 (order: 4, 65536yts)
[   24.736114] TCP bind hastale entries: 8192 (order: 5, 131072 bytes)
[ 24861717] TCP: Hash tables configured (eabsh 892nd19
  .320DPhash table entres: 51 (de:  184yt)  6.61] P-teastae trs:12orr: 2,16384 ytes)
[  2.8507]NE Risreprotocol family 1
[   27.56] ci00:000: mingdiec PCI/PCItranfers
[  27.698199] pc 0000:01.0: Activating ISA DMA hang orarounds
[  279567Uncknginrafs.
[   31.464110] Freeing initrd memory: 10776K
[   31.534362] RAPL U teedAPI unit is 2^-32 Joules, 4 fixed counters 10737418240 ms ovfl timer
[  3.757689] hw unit of domain pp0-core 2^- Juls
[   31.971911] hw unit of domain package 2^-0 Joules
[   32.037852] hw unit of domain dram 2^-0 Joules
[   32.085793] hw unit of domain pp1-gpu 2^-0 Joules
[   32.138936] platform rtc_cmos: registered platform RTC device (no PNP device found)
[   32.204493] Scanning for low memory corruption every 60 seconds
[   32.258120] audit: initializing netlink subsys (disabled)
[   32.266039] audit: type=2000 audit(1524719621.117:1): initialized
[   32.333015] Initialise system trusted keyring
[   32.343460] HugeTLB registered 2 MB page size, pre-allocated 0 pages
[   32.392244] zbud: loaded
[   32.425579] VFS: Disk quotas dquot_6.6.0
[   32.445066] VFS: Dquot-cache hash table entries: 512 (order 0, 4096 bytes)
[   32.449097] squashfs: version 4.0 (2009/01/31) Phillip Lougher
[   32.469869] fuse init (API version 7.23)
[   32.488798] Key type big_key registered
[   32.497993] Allocating IMA MOK and blacklist keyrings.
[   32.510264] Key type asymmetric registered
[   32.524351] Asymmetric key parser 'x509' registered
[   32.526324] Block layer SCSI generic (bsg) driver version 0.4 loaded (major 249)
[   32.529097] io scheduler noop registered
[   32.547140] io scheduler deadline registered (default)
[   32.566073] io scheduler cfq registered
[   32.567535] pci_hotplug: PCI Hot Plug PCI Core version: 0.5
[   32.574070] pciehp: PCI Express Hot Plug Controller Driver version: 0.4
[   32.595224] ACPI: AC Adapter [AC] (off-line)
[   32.623170] input: Power Button as /devices/LNXSYSTM:00/LNXPWRBN:00/input/input0
[   32.637609] ACPI: Power Button [PWRF]
[   32.645751] input: Sleep Button as /devices/LNXSYSTM:00/LNXSLPBN:00/input/input1
[   32.650303] ACPI: Sleep Button [SLPF]
[   32.653221] ACPI: Battery Slot [BAT0] (battery present)
[   32.664095] GHES: HEST is not enabled!
[   32.680213] Serial: 8250/16550 driver, 32 ports, IRQ sharing enabled
[   32.719241] 00:02: ttyS0 at I/O 0x3f8 (irq = 4, base_baud = 115200) is a 16550A
[   32.798975] Linux agpgart interface v0.103
[   32.825874] loop: module loaded
[   32.844234] scsi host0: ata_piix
[   32.860404] scsi host1: ata_piix
[   32.881863] ata1: PATA max UDMA/33 cmd 0x1f0 ctl 0x3f6 bmdma 0xd000 irq 14
[   32.906788] ata2: PATA max UDMA/33 cmd 0x170 ctl 0x376 bmdma 0xd008 irq 15
[   32.930278] libphy: Fixed MDIO Bus: probed
[   32.946400] tun: Universal TUN/TAP device driver, 1.6
[   33.003752] tun: (C) 1999-2004 Max Krasnyansky <maxk@qualcomm.com>
[   33.094883] PPP generic driver version 2.4.2
[   33.138081] tsc: Refined TSC clocksource calibration: 2599.187 MHz
[   33.138089] clocksource: tsc: mask: 0xffffffffffffffff max_cycles: 0x25773bf952c, max_idle_ns: 440795249131 ns
[   33.276961] ehci_hcd: USB 2.0 'Enhanced' Host Controller (EHCI) Driver
[   33.376719] ehci-pci: EHCI PCI platform driver
[   33.438182] ehci-platform: EHCI generic platform driver
[   33.496936] ohci_hcd: USB 1.1 'Open' Host Controller (OHCI) Driver
[   33.553906] ohci-pci: OHCI PCI platform driver
[   33.569442] ohci-platform: OHCI generic platform driver
[   33.576466] uhci_hcd: USB Universal Host Controller Interface driver
[   33.596315] i8042: PNP: PS/2 Controller [PNP0303:PS2K,PNP0f03:PS2M] at 0x60,0x64 irq 1,12
[   33.639187] serio: i8042 KBD port at 0x60,0x64 irq 1
[   33.645578] serio: i8042 AUX port at 0x60,0x64 irq 12
[   33.651247] mousedev: PS/2 mouse device common for all mice
[   33.659809] input: AT Translated Set 2 keyboard as /devices/platform/i8042/serio0/input/input2
[   33.667670] rtc_cmos rtc_cmos: rtc core: registered rtc_cmos as rtc0
[   33.73694] c_mort_cmos: alarmsupo ne dy,11 bytes nvram
[   34.136775] i2c /dev entries driver
[   34.139656] device-mapper: uevent: version 1.0.3
[   34.183495] device-mapper: ioctl: 4.34.0-ioctl (2015-10-28) initialised: dm-devel@redhat.com
[   34.274564] ledtrig-cpu: registered to indicate activity on CPUs
[   34.340661] NET: Registered protocol family 10
[   34.394822] NET: Registered protocol family 17
[   34.439325] Key type dns_resolver registered
[   34.482899] registered taskstats version 1
[   34.496862] Loading compiled-in 50ceifcas
[   4.73] ad X09er'Build timeauogered kernl key: f854e06633b5f496ced5b2e02c7b14f7669302'
[  35.616557] zswap: loaded using pool lzo/zbud
[   35.715580] Key type trusted registered
[   35.742915] Key type encrypted registered
[   35.774701] AppArmor: AppArmor sha1 policy hashing enabled
[   35.819076] ima: No TPM chip found, activating TPM-bypass!
[   35.864073] evm: HMAC attrs: 0x1
[   35.896665]   Magic number: 14:636:214
[   35.910898] rtc_cmos rtc_cmos: setting system clock to 2018-04-26 05:13:54 UTC (1524719634)
[   35.953000] BIOS EDD facility v0.16 2004-Jun-25, 0 devices found
[   35.985761] EDD information not available.
[   36.019076] Freeing unused kernel memory: 1508K
[   36.056461] Write protecting the kernel read-only data: 14336k
[   36.090618] Freeing unused kernel memory: 1696K
[   36.154775] Freeing unused kernel memory: 100K
Loading, please wait...
starting version[   36.227278] random: systemd-udevd: uninitialized urandom read (16 bytes read, 4 bits of entropy available)
 229
[   36.232951] random: udevadm: uninitialized urandom read (16 bytes read, 4 bits of entropy available)
[   36.233001] random: udevadm: uninitialized urandom read (16 bytes read, 4 bits of entropy available)
[   36.246574] random: udevadm: uninitialized urandom read (16 bytes read, 4 bits of entropy available)
[   36.246636] random: udevadm: uninitialized urandom read (16 bytes read, 4 bits of entropy available)
[   36.246853] random: udevadm: uninitialized urandom read (16 bytes read, 4 bits of entropy available)
[   36.246996] random: udevadm: uninitialized urandom read (16 bytes read, 4 bits of entropy available)
[   36.247083] random: udevadm: uninitialized urandom read (16 bytes read, 4 bits of entropy available)
[   36.247136] random: udevadm: uninitialized urandom read (16 bytes read, 4 bits of entropy available)
[   36.247186] random: udevadm: uninitialized urandom read (16 bytes read, 4 bits of entropy available)
[   37.643065] e1000: Intel(R) PRO/1000 Network Driver - version 7.3.21-k8-NAPI
[   37.711703] e1000: Copyright (c) 1999-2006 Intel Corporation.
[   37.749714] Fusion MPT base driver 3.04.20
[   37.776372] Copyright (c) 1999-2008 LSI Corporation
[   37.825975] Fusion MPT SPI Host driver 3.04.20
[   37.976528] AVX2 version of gcm_enc/dec engaged.
[   38.129882] AES CTR mode by8 optimization enabled
[   38.196481] input: ImExPS/2 Generic Explorer Mouse as /devices/platform/i8042/serio1/input/input5
[   39.170972] e1000 0000:00:03.0 eth0: (PCI:33MHz:32-bit) 02:62:8c:65:d6:7a
[   39.179528] e1000 0000:00:03.0 eth0: Intel(R) PRO/1000 Network Connection
[   40.654533] floppy0: no floppy controllers found
[   41.134995] e1000 0000:00:08.0 eth1: (PCI:33MHz:32-bit) 08:00:27:28:bf:2e
[   41.290752] e1000 0000:00:08.0 eth1: Intel(R) PRO/1000 Network Connection
[   41.527323] mptbase: ioc0: Initiating bringup
[   41.554387] e1000 0000:00:03.0 enp0s3: renamed from eth0
[   41.803545] e1000 0000:00:08.0 enp0s8: renamed from eth1
[   42.033689] ioc0: LSI53C1030 A0: Capabilities={Initiator}
[   43.399497] scsi host2: ioc0: LSI53C1030 A0, FwRev=00000000h, Ports=1, MaxQ=256, IRQ=20
[   45.145786] scsi 2:0:0:0: Direct-Access     VBOX     HARDDISK         1.0  PQ: 0 ANSI: 5
[   45.428807] scsi target2:0:0: Beginning Domain Validation
[   45.559579] scsi target2:0:0: Domain Validation skipping write tests
[   45.722473] scsi target2:0:0: Ending Domain Validation
[   45.768719] scsi target2:0:0: asynchronous
[   45.890258] scsi 2:0:1:0: Direct-Access     VBOX     HARDDISK         1.0  PQ: 0 ANSI: 5
[   46.516062] scsi target2:0:1: Beginning Domain Validation
[   46.632982] scsi target2:0:1: Domain Validation skipping write tests
[   46.875738] scsi target2:0:1: Ending Domain Validation
[   47.099974] scsi target2:0:1: asynchronous
[   47.374482] sd 2:0:0:0: Attached scsi generic sg0 type 0
[   47.375112] sd 2:0:0:0: [sda] 20971520 512-byte logical blocks: (10.7 GB/10.0 GiB)
[   47.376697] sd 2:0:0:0: [sda] Write Protect is off
[   47.378235] sd 2:0:0:0: [sda] Incomplete mode parameter data
[   47.378243] sd 2:0:0:0: [sda] Assuming drive cache: write through
[   47.385946]  sda: sda1
[   47.392293] sd 2:0:0:0: [sda] Attached SCSI disk
[   48.610781] sd 2:0:1:0: [sdb] 20480 512-byte logical blocks: (10.5 MB/10.0 MiB)
[   48.613506] sd 2:0:1:0: Attached scsi generic sg1 type 0
[   49.017042] sd 2:0:1:0: [sdb] Write Protect is off
[   49.166184] sd 2:0:1:0: [sdb] Incomplete mode parameter data
[   49.340430] sd 2:0:1:0: [sdb] Assuming drive cache: write through
[   50.795283] sd 2:0:1:0: [sdb] Attached SCSI disk
Begin: Loading e[   54.461925] md: linear personality registered for level -1
ssential drivers ... [   54.667622] md: multipath personality registered for level -4
[   54.809450] md: raid0 personality registered for level 0
[   54.884456] md: raid1 personality registered for level 1
[   55.081466] raid6: sse2x1   gen()   696 MB/s
[   55.222694] raid6: sse2x1   xor()   403 MB/s
[   55.450781] raid6: sse2x2   gen()  1649 MB/s
[   55.698746] raid6: sse2x2   xor()   476 MB/s
[   55.814586] raid6: sse2x4   gen()   989 MB/s
[   55.994035] raid6: sse2x4   xor()  1013 MB/s
[   56.185599] raid6: avx2x1   gen()  1163 MB/s
[   56.291916] raid6: avx2x2   gen()  1561 MB/s
[   56.461667] raid6: avx2x4   gen()  3786 MB/s
[   56.603491] raid6: using algorithm avx2x4 gen() 3786 MB/s
[   56.762621] raid6: using avx2x2 recovery algorithm
[   56.927288] xor: automatically using best checksumming function:
[   57.237296]    avx       :  6471.000 MB/sec
[   57.469810] async_tx: api initialized (async)
[   57.891267] md: raid6 personality registered for level 6
[   58.136395] md: raid5 personality registered for level 5
[   58.334483] md: raid4 personality registered for level 4
[   58.675074] md: raid10 personality registered for level 10
done.
Begin: Running /scripts/init-premount ... done.
Begin: Mounting root file system ... Begin: Running /scripts/local-top ... done.
Begin:[   59.341254] Btrfs loaded
 Running /scripts/local-premount ... Scanning for Btrfs filesystems
done.
Warn[   59.747392] EXT4-fs (sda1): mounted filesystem with ordered data mode. Opts: (null)
ing: fsck not present, so skipping root file system
done.
Begin: Running /scripts/local-bottom ... done.
Begin: Running /scripts/init-bottom ... done.
[   60.968078] random: nonblocking pool is initialized
[   61.584893] systemd[1]: systemd 229 running in system mode. (+PAM +AUDIT +SELINUX +IMA +APPARMOR +SMACK +SYSVINIT +UTMP +LIBCRYPTSETUP +GCRYPT +GNUTLS +ACL +XZ -LZ4 +SECCOMP +BLKID +ELFUTILS +KMOD -IDN)
[   62.027346] systemd[1]: Detected virtualization oracle.
[   62.198381] systemd[1]: Detected architecture x86-64.

Welcome to [1mUbuntu 16.04.4 LTS[0m!

[   62.484901] systemd[1]: Set hostname to <ubuntu>.
[   62.749082] systemd[1]: Initializing machine ID from random generator.
[   63.075612] systemd[1]: Installed transient /etc/machine-id file.
[   64.805738] systemd[1]: Reached target User and Group Name Lookups.
[[0;32m  OK  [0m] Reached target User and Group Name Lookups.
[   65.076921] systemd[1]: Reached target System Time Synchronized.
[[0;32m  OK  [0m] Reached target System Time Synchronized.
[   65.488174] systemd[1]: Listening on udev Kernel Socket.
[[0;32m  OK  [0m] Listening on udev Kernel Socket.
[   65.710318] systemd[1]: Set up automount Arbitrary Executable File Formats File System Automount Point.
[[0;32m  OK  [0m] Set up automount Arbitrary Executab...ats File System Automount Point.
[   65.931104] systemd[1]: Started Trigger resolvconf update for networkd DNS.
[[0;32m  OK  [0m] Started Trigger resolvconf update for networkd DNS.
[   66.128058] systemd[1]: Created slice User and Session Slice.
[[0;32m  OK  [0m] Created slice User and Session Slice.
[   66.146756] systemd[1]: Listening on LVM2 poll daemon socket.
[[0;32m  OK  [0m] Listening on LVM2 poll daemon socket.
[   66.223353] systemd[1]: Started Forward Password Requests to Wall Directory Watch.
[[0;32m  OK  [0m] Started Forward Password Requests to Wall Directory Watch.
[   66.398905] systemd[1]: Created slice System Slice.
[[0;32m  OK  [0m] Created slice System Slice.
[   66.430088] systemd[1]: Reached target Slices.
[[0;32m  OK  [0m] Reached target Slices.
[   66.486252] systemd[1]: Reached target Encrypted Volumes.
[[0;32m  OK  [0m] Reached target Encrypted Volumes.
[   66.538520] systemd[1]: Listening on udev Control Socket.
[[0;32m  OK  [0m] Listening on udev Control Socket.
[   66.638801] systemd[1]: Listening on LVM2 metadata daemon socket.
[[0;32m  OK  [0m] Listening on LVM2 metadata daemon socket.
[   66.733933] systemd[1]: Listening on Journal Socket.
[[0;32m  OK  [0m] Listening on Journal Socket.
[   66.785874] systemd[1]: Mounting Debug File System...
         Mounting Debug File System...
[   66.829472] systemd[1]: Mounting Huge Pages File System...
         Mounting Huge Pages File System...
[   67.133844] systemd[1]: Starting Set console keymap...
         Starting Set console keymap...
[ 67958]ysmd]:reteslicsystem-serial\x2dgetty.slice.

[[0;32m  OK  [0m] Created slice system-serial\x2dgetty.slice.
[   67.781881] systemd[1]: Mounting POSIX Message Queue File System...
         Mounting POSIX Message Queue File System...
[   67.874464] systemd[1]: Listening on Syslog Socket.
[[0;32m  OK  [0m] Listening on Syslog Socket.
[   67.910185] systemd[1]: Listening on Device-mapper event daemon FIFOs.
[[0;32m  OK  [0m] Listening on Device-mapper event daemon FIFOs.
[   67.989948] systemd[1]: Starting Create list of required static device nodes for the current kernel...
         Starting Create list of required st... nodes for the current kernel...
[   68.077668] systemd[1]: Listening on /dev/initctl Compatibility Named Pipe.
[[0;32m  OK  [0m] Listening on /dev/initctl Compatibility Named Pipe.
[   68.218117] systemd[1]: Starting Monitoring of LVM2 mirrors, snapshots etc. using dmeventd or progress polling...
         Starting Monitoring of LVM2 mirrors... dmeventd or progress polling...
[   68.370508] systemd[1]: Reached target Swap.
[[0;32m  OK  [0m] Reached target Swap.
[   68.453840] systemd[1]: Listening on Journal Audit Socket.
[[0;32m  OK  [0m] Listening on Journal Audit Socket.
[   68.586094] systemd[1]: Starting Uncomplicated firewall...
         Starting Uncomplicated firewall...
[   68.709886] systemd[1]: Starting Nameserver information manager...
         Starting Nameserver information manager...
[   68.833993] systemd[1]: Starting Load Kernel Modules...
[   68.843598] Loading iSCSI transport class v2.0-870.
         Startin[   68.897577] iscsi: registered transport (tcp)
g Load Kernel Modules...
[   68.972588] iscsi: registered transport (iser)
[   69.002129] systemd[1]: Starting Remount Root and Kernel File Systems...
         Starting Remount Root a[   69.053421] EXT4-fs (sda1): re-mounted. Opts: (null)
nd Kernel File Systems...
[   69.112812] systemd[1]: Listening on Journal Socket (/dev/log).
[[0;32m  OK  [0m] Listening on Journal Socket (/dev/log).
[   69.165652] systemd[1]: Starting Journal Service...
         Starting Journal Service...
[   69.217073] systemd[1]: Mounted POSIX Message Queue File System.
[[0;32m  OK  [0m] Mounted POSIX Message Queue File System.
[   69.282170] systemd[1]: Mounted Huge Pages File System.
[[0;32m  OK  [0m] Mounted Huge Pages File System.
[   69.380437] systemd[1]: Mounted Debug File System.
[[0;32m  OK  [0m] Mounted Debug File System.
[   69.434247] systemd[1]: Started Journal Service.
[[0;32m  OK  [0m] Started Journal Service.
[[0;32m  OK  [0m] Started Set console keymap.
[[0;32m  OK  [0m] Started Create list of required sta...ce nodes for the current kernel.
[[0;32m  OK  [0m] Started Uncomplicated firewall.
[[0;32m  OK  [0m] Started Load Kernel Modules.
[[0;32m  OK  [0m] Started Remount Root and Kernel File Systems.
[[0;32m  OK  [0m] Started Nameserver information manager.
[[0;32m  OK  [0m] Started LVM2 metadata daemon.
         Starting udev Coldplug all Devices...
         Starting Initial cloud-init job (pre-networking)...
         Starting Load/Save Random Seed...
         Starting Apply Kernel Variables...
         Mounting FUSE Control File System...
         Starting Create Static Device Nodes in /dev...
         Starting Flush Journal to Persistent Storage...
[[0;32m  OK  [0m] Mounted FUSE Control File System.
[[0;32m  OK  [0m] Started Load/Save Random Seed.
[[0;32m  OK  [0m] Started Apply Kernel Variables.
[[0;32m  OK  [0m] Started Create Static Device Nodes in /dev.
[[0;32m  OK  [0m] Started udev Coldplug all Devices.
[[0;32m  OK  [0m] Started Flush Journal to Persistent Storage.
         Starting udev Kernel Device Manager...
[[0;32m  OK  [0m] Started Monitoring of LVM2 mirrors,...ng dmeventd or progress polling.
[[0;32m  OK  [0m] Started udev Kernel Device Manager.
[[0;32m  OK  [0m] Started Dispatch Password Requests to Console Directory Watch.
[[0;32m  OK  [0m] Reached target Local File Systems (Pre).
[[0;32m  OK  [0m] Reached target Local File Systems.
         Starting Tell Plymouth To Write Out Runtime Data...
         Starting Create Volatile Files and Directories...
         Starting LSB: AppArmor initialization...
         Starting Commit a transient machine-id on disk...
         Starting Set console font and keymap...
[[0;32m  OK  [0m] Started Tell Plymouth To Write Out Runtime Data.
[[0;32m  OK  [0m] Started Create Volatile Files and Directories.
[[0;32m  OK  [0m] Started Commit a transient machine-id on disk.
[   48.519289] cloud-init[441]: Cloud-init v. 18.2 running 'init-local' at Thu, 26 Apr 2018 05:14:29 +0000. Up 48.00 seconds.
[[0;32m  OK  [0m] Started Initial cloud-init job (pre-networking).
[[0;32m  OK  [0m] Found device /dev/ttyS0.
[[0;32m  OK  [0m] Listening on Load/Save RF Kill Switch Status /dev/rfkill Watch.
[[0;32m  OK  [0m] Reached target Network (Pre).
         Starting Update UTMP about System Boot/Shutdown...
[[0;32m  OK  [0m] Started Set console font and keymap.
[[0;32m  OK  [0m] Started Update UTMP about System Boot/Shutdown.
[[0;32m  OK  [0m] Created slice system-getty.slice.
[[0;32m  OK  [0m] Started LSB: AppArmor initialization.
         Starting Raise network interfaces...
[[0;32m  OK  [0m] Started Raise network interfaces.
         Starting Initial cloud-init job (metadata service crawler)...
[[0;32m  OK  [0m] Reached target Network.
[   52.231117] cloud-init[941]: Cloud-init v. 18.2 running 'init' at Thu, 26 Apr 2018 05:14:32 +0000. Up 51.52 seconds.
[[0;32m  OK  [0m] Started Initial cloud-init job (metadata service crawler).
[   52.319408] cloud-init[941]: ci-info: ++++++++++++++++++++++++++++++++++++++Net device info++++++++++++++++++++++++++++++++++++++
[   52.464993] cloud-init[941]: ci-info: +--------+-------+----------------------------+---------------+-------+-------------------+
[[0;32m  OK  [0m] Reached target System Initialization.
[[0;32m  OK  [0m] Started Daily Cleanup of Temporary Directories.
[   52.543494] cloud-init[941]: ci-info: | Device |   Up  |          Address           |      Mask     | Scope |     Hw-Address    |
[   52.741112] cloud-init[941]: ci-info: +--------+-------+----------------------------+---------------+-------+-------------------+
[[   52.804328] cloud-init[941]: ci-info: | enp0s3 |  True |         10.0.2.15          | 255.255.255.0 |   .   | 02:62:8c:65:d6:7a |
[   52.804895] cloud-init[941]: ci-info: | enp0s3 |  True | fe80::62:8cff:fe65:d67a/64 |       .       |  link | 02:62:8c:65:d6:7a |
[   52.804987] cloud-init[941]: ci-info: | enp0s8 | False |             .              |       .       |   .   | 08:00:27:28:bf:2e |
[   52.805055] cloud-init[941]: ci-info: |   lo   |  True |         127.0.0.1          |   255.0.0.0   |   .   |         .         |
[   52.805133] cloud-init[941]: ci-info: |   lo   |  True |          ::1/128           |       .       |  host |         .         |
[   52.805207] cloud-init[941]: ci-info: +--------+-------+----------------------------+---------------+-------+-------------------+
[   52.805288] cloud-init[941]: ci-info: +++++++++++++++++++++++++++Route IPv4 info++++++++++++++++++++++++++++
[   52.805406] cloud-init[941]: ci-info: +-------+-------------+----------+---------------+-----------+-------+
[   52.805478] cloud-init[941]: ci-info: | Route | Destination | Gateway  |    Genmask    | Interface | Flags |
[   52.805586] cloud-init[941]: ci-info: +-------+-------------+----------+---------------+-----------+-------+
[   52.805659] cloud-init[941]: ci-info: |   0   |   0.0.0.0   | 10.0.2.2 |    0.0.0.0    |   enp0s3  |   UG  |
[   52.805723] cloud-init[941]: ci-info: |   1   |   10.0.2.0  | 0.0.0.0  | 255.255.255.0 |   enp0s3  |   U   |
[   52.805789] cloud-init[941]: ci-info: +-------+-------------+----------+---------------+-----------+-------+
[   52.805858] cloud-init[941]: Generating public/private rsa key pair.
[   52.805922] cloud-init[941]: Your identification has been saved in /etc/ssh/ssh_host_rsa_key.
[   52.805980] cloud-init[941]: Your public key has been saved in /etc/ssh/ssh_host_rsa_key.pub.
[   52.806043] cloud-init[941]: The key fingerprint is:
[   52.806104] cloud-init[941]: SHA256:lK7thnHHhRI6yRXJMBSEat3BTP4asVZs2xtvG1P9sCI root@ubuntu-xenial
[   52.806323] cloud-init[941]: The key's randomart image is:
[   52.806389] cloud-init[941]: +---[RSA 2048]----+
[   52.806448] cloud-init[941]: |     BB+.o       |
[   52.806504] cloud-init[941]: |    ..+o=.       |
[   52.806563] cloud-init[941]: |   o oo=*. .     |
[   52.806719] cloud-init[941]: |  o . *O.o. .  . |
[   52.806792] cloud-init[941]: | .    +.Soo.  o .|
[   52.806848] cloud-init[941]: |     ..=. o+ . o.|
[   52.806899] cloud-init[941]: |      o+..E * . .|
[   52.806951] cloud-init[941]: |      ...  o =   |
[   52.807004] cloud-init[941]: |       ..   .    |
[   52.807059] cloud-init[941]: +----[SHA256]-----+
[   52.807108] cloud-init[941]: Generating public/private dsa key pair.
[   52.807160] cloud-init[941]: Your identification has been saved in /etc/ssh/ssh_host_dsa_key.
[   52.807255] cloud-init[941]: Your public key has been saved in /etc/ssh/ssh_host_dsa_key.pub.
[   52.807317] cloud-init[941]: The key fingerprint is:
[   52.807383] cloud-init[941]: SHA256:eDo9bmWMHJLYhMNUVi72/po8iXRiRcH0/ebVmd7bsvk root@ubuntu-xenial
[   52.807438] cloud-init[941]: The key's randomart image is:
[   52.807487] cloud-init[941]: +---[DSA 1024]----+
[   52.807543] cloud-init[941]: |   o.oo++.       |
[   52.807597] cloud-init[941]: |    +...o. .     |
[   52.807652] cloud-init[941]: |     =oo. . .    |
[   52.807706] cloud-init[941]: |    ..++o    .  +|
[   52.807759] cloud-init[941]: |      .+S+    ooo|
[   52.807812] cloud-init[941]: |      +=+ +  o...|
[   52.807871] cloud-init[941]: |     oo+++    ...|
[   52.807922] cloud-init[941]: |      .+++    ..o|
[   52.807977] cloud-init[941]: |       .=o.   o=E|
[0;32m  OK  [0m] Listening on D-Bus System Message Bus Socket.
[   52.809482] [[0;32m  OK  [0m] Started ACPI Events Check.
[[0;32m  OK  [0m] Reached target Paths.
[[0;32m  OK  [0m] Listening on ACPID Listen Socket.
[[0;32m  OK  [0m] Started Timer to automatically refresh installed snaps.
[[0;32m  OK  [0m] Started Daily apt download activities.
[[0;32m  OK  [0m] Listening on UUID daemon activation socket.
cloud-init[941]: +----[SHA256]-----+
         Starting LXD - unix socket.
         Starting Socket activation for snappy daemon.
[[0;32m  OK  [0m] Started Daily apt upgrade and clean activities.
[   56.304236] cloud-init[941]: Generating public/private ecdsa key pair.
[   56.475708] [cloud-init[0;32m  OK  [0m[941]: ] Your identification has been saved in /etc/ssh/ssh_host_ecdsa_key.Reached target Timers.

[   56.477243] [cloud-init[0;32m  OK  [0m[941]: ] Your public key has been saved in /etc/ssh/ssh_host_ecdsa_key.pub.Reached target Cloud-config availability.

[   56.595270] [cloud-init[0;32m  OK  [0m[941]: ] The key fingerprint is:Reached target Network is Online.

[   56.790179] cloud-init[941]: SHA256:Q5GX1HeAOOJodYSwV8wQ0LBD0GsI/QJ1WFS+nTtdgWU root@ubuntu-xenial
[   56.886170] cloud-init[941]: The key's randomart image is:
         Starting iSCSI initiator daemon (iscsid)...
[   56.888769] [cloud-init[941]: [0;32m  OK  [0m+---[ECDSA 256]---+] 
Listening on LXD - unix socket.
[   56.958843] [cloud-init[0;32m  OK  [0m[941]: ] |   oo*O*=X++ .E. |Listening on Socket activation for snappy daemon.

[   57.009885] cloud-init[941]: |  o oo.+*oO o+. .|
[   57.076613] cloud-init[941]: |   o o+=++ ..... |
[   57.080933] cloud-init[941]: |    o *+.o .   . |
[[0;32m  OK  [0m] Reached target Sockets.
[[0;32m  OK  [0m] Reached target Basic System.
[   57.099567] cloud-init[941]: |     +  S o   .  |
[   57.151700] cloud-init[941]: |         . o .   |
[   57.155416] cloud-init[941]: |          o .    |
[   57.184313]          cloud-initStarting Pollinate to seed the pseudo random number generator...[941]: 
|           .     |
[   57.185513] cloud-init[941]: |                 |
[   57.264885] cloud-init[941]: +----[SHA256]-----+
[   57.296474]          cloud-initStarting Apply the settings specified in cloud-config...[941]: 
Generating public/private ed25519 key pair.
[[0;32m  OK  [0m] Started Unattended Upgrades Shutdown.
[   57.438045] cloud-init[941]: Your identification has been saved in /etc/ssh/ssh_host_ed25519_key.
[[0;32m  OK  [0m] Started Regular background program processing daemon.
[   57.512007] cloud-init[941]: Your public key has been saved in /etc/ssh/ssh_host_ed25519_key.pub.
[   57.565005] cloud-init[941]: The key fingerprint is:
[[0;32m  OK  [0m] Started Deferred execution scheduler.
[   57.597858] cloud-init[941]: SHA256:MeKxvLdwhGoGuJpxqYAY7UoCHD560uOs3Cqr+JegYCo root@ubuntu-xenial
[[0;32m  OK  [0m] Started ACPI event daemon.
         Starting System Logging Service...
         Starting Accounts Service...
         Starting LSB: MD monitoring daemon...
[   57.644710] cloud-init[941]: The key's randomart image is:
[   57.756421]          cloud-initStarting Login Service...[941]: 
+--[ED25519 256]--+
[   57.758497] cloud-init[941]: |                 |
[   57.816893] cloud-init[941]: |                 |
[   57.818168] cloud-init[941]: | .    o o        |
[   57.818230] cloud-init[941]: |oo.  o = o       |
         Starting Virtualbox guest utils...
[[0;32m  OK  [0m] Started FUSE filesystem for LXC.
         Starting /etc/rc.local Compatibility...
         Starting LSB: Record successful boot for GRUB...
         Starting Snappy daemon...
[[0;32m  OK  [0m] Started D-Bus System Message Bus.
[   57.818286] cloud-init[941]: |++o   = S        |
         Starting LXD - container startup/shutdown...
[[0;32m  OK  [0m] Started System Logging Service.
[[0;32m  OK  [0m] Started Snappy daemon.
[[0;32m  OK  [0m] Started iSCSI initiator daemon (iscsid).
[[0;32m  OK  [0m] Started Pollinate to seed the pseudo random number generator.
[[0;32m  OK  [0m] Started /etc/rc.local Compatibility.
[[0;32m  OK  [0m] Started LXD - container startup/shutdown.
[   58.316383] cloud-init[941]: |**oo . o         |
[   58.564863] cloud-init[941]: |&oB.+.o o        |
[[0;32m  OK  [0m] Started LSB: MD monitoring daemon.
[   58.659266] cloud-init[941]: |E@.+o  + .       |
[   58.724213] cloud-init[941]: |&*=o    .        |
[   58.733977] cloud-init[941]: +----[SHA256]-----+
[   58.754950] cloud-init[1078]: Generating locales (this might take a while)...
[[0;32m  OK  [0m] Started Login Service.
[[0;32m  OK  [0m] Started LSB: Record successful boot for GRUB.
[[0;32m  OK  [0m] Started Virtualbox guest utils.
         Starting Authenticate and Authorize Users to Run Privileged Tasks...
         Starting OpenBSD Secure Shell server...
         Starting Login to default iSCSI targets...
[[0;32m  OK  [0m] Started OpenBSD Secure Shell server.
[[0;32m  OK  [0m] Started Authenticate and Authorize Users to Run Privileged Tasks.
[[0;32m  OK  [0m] Started Accounts Service.
[[0;32m  OK  [0m] Started Login to default iSCSI targets.
[[0;32m  OK  [0m] Reached target Remote File Systems (Pre).
[[0;32m  OK  [0m] Reached target Remote File Systems.
         Starting LSB: daemon to balance interrupts for SMP systems...
         Starting LSB: Set the CPU Frequency Scaling governor to "ondemand"...
         Starting Permit User Sessions...
         Starting LSB: automatic crash report generation...
[[0;32m  OK  [0m] Started Permit User Sessions.
[[0;32m  OK  [0m] Started LSB: daemon to balance interrupts for SMP systems.
[[0;32m  OK  [0m] Started LSB: Set the CPU Frequency Scaling governor to "ondemand".
         Starting Terminate Plymouth Boot Screen...
         Starting Hold until boot process finishes up...
[[0;32m  OK  [0m] Started Terminate Plymouth Boot Screen.
[[0;32m  OK  [0m] Started Hold until boot process finishes up.
[[0;32m  OK  [0m] Created slice User Slice of vagrant.
[[0;32m  OK  [0m] Started Session 1 of user vagrant.
         Starting User Manager for UID 1000...
         Starting Set console scheme...
[[0;32m  OK  [0m] Started Serial Getty on ttyS0.
[[0;32m  OK  [0m] Started Getty on tty1.
[[0;32m  OK  [0m] Reached target Login Prompts.
[[0;32m  OK  [0m] Started User Manager for UID 1000.
[[0;32m  OK  [0m] Started LSB: automatic crash report generation.
[[0;32m  OK  [0m] Started Set console scheme.
[[0;32m  OK  [0m] Reached target Multi-User System.
[[0;32m  OK  [0m] Reached target Graphical Interface.
         Starting Update UTMP about System Runlevel Changes...
[[0;32m  OK  [0m] Started Update UTMP about System Runlevel Changes.
[   60.187920] cloud-init[1078]:   en_US.UTF-8... done
[   60.195035] cloud-init[1078]: Generation complete.
[   60.865471] cloud-init[1078]: Cloud-init v. 18.2 running 'modules:config' at Thu, 26 Apr 2018 05:14:39 +0000. Up 58.22 seconds.
[[0;32m  OK  [0m] Started Apply the settings specified in cloud-config.
         Starting Execute cloud user/final scripts...
ci-info: no authorized ssh keys fingerprints found for user ubuntu.
<14>Apr 26 05:14:43 ec2: 
<14>Apr 26 05:14:43 ec2: #############################################################
<14>Apr 26 05:14:43 ec2: -----BEGIN SSH HOST KEY FINGERPRINTS-----
<14>Apr 26 05:14:43 ec2: 1024 SHA256:eDo9bmWMHJLYhMNUVi72/po8iXRiRcH0/ebVmd7bsvk root@ubuntu-xenial (DSA)
<14>Apr 26 05:14:43 ec2: 256 SHA256:Q5GX1HeAOOJodYSwV8wQ0LBD0GsI/QJ1WFS+nTtdgWU root@ubuntu-xenial (ECDSA)
<14>Apr 26 05:14:43 ec2: 256 SHA256:MeKxvLdwhGoGuJpxqYAY7UoCHD560uOs3Cqr+JegYCo root@ubuntu-xenial (ED25519)
<14>Apr 26 05:14:43 ec2: 2048 SHA256:lK7thnHHhRI6yRXJMBSEat3BTP4asVZs2xtvG1P9sCI root@ubuntu-xenial (RSA)
<14>Apr 26 05:14:43 ec2: -----END SSH HOST KEY FINGERPRINTS-----
<14>Apr 26 05:14:43 ec2: #############################################################
-----BEGIN SSH HOST KEY KEYS-----
ecdsa-sha2-nistp256 AAAAE2VjZHNhLXNoYTItbmlzdHAyNTYAAAAIbmlzdHAyNTYAAABBBP/q3hcBhgEj0f1VXCHMT9l1Qym660qRH2BLHe70dzmPgwoQX+H96tYBymyfOP7AKEUBvi8HH/nXdZZSPo3QVKY= root@ubuntu-xenial
ssh-ed25519 AAAAC3NzaC1lZDI1NTE5AAAAIP5emmm9Tq/n39L23ZOkO+IS7b8cZ2LRYCZb8w2Ugb2W root@ubuntu-xenial
ssh-rsa AAAAB3NzaC1yc2EAAAADAQABAAABAQCYjvLDaUmE2SOaLbrlzNNBqdoTbv5pcFz+jicT6WSun0GAsAqnP7BrJ+/CJkjwBIgqVkyTgojHi81dZmS6rA9AsD6VOo9vg8L8X+WNcBL25bnNrRBdqD/V+0/9VkX/AdLp4R14eu4oDi3YR8FG4FvxsbSiIdznQRL+nyLeD/KRGW7seE5ILRWqmH2KsgTPFP8qZP/pJCz4VNljsaQoLCc+7Zw/AiRFDqbkjfdiDZ3m677kFztpyL96X/QNFOKYHuAtylU3R2XBiqL2UDZB1IrjBoT7RSl0jypnqT7Q8uVmM2/tFZ+V+GEGZZ3er0C8wGe99xO5j7mqG39fWiT6w3/n root@ubuntu-xenial
-----END SSH HOST KEY KEYS-----
[   63.120691] cloud-init[1369]: Cloud-init v. 18.2 running 'modules:final' at Thu, 26 Apr 2018 05:14:43 +0000. Up 61.72 seconds.
[   63.177087] cloud-init[1369]: ci-info: no authorized ssh keys fingerprints found for user ubuntu.
[[0;32m  OK  [0m] Started Execute cloud user/final scripts.
[   63.264721] cloud-init[1369]: Cloud-init v. 18.2 finished at Thu, 26 Apr 2018 05:14:44 +0000. Datasource DataSourceNoCloud [seed=/dev/sdb][dsmode=net].  Up 63.10 seconds
[[0;32m  OK  [0m] Reached target Cloud-init target.

Ubuntu 16.04.4 LTS ubuntu-xenial ttyS0

ubuntu-xenial login: 